# JRE version: Java(TM) SE Runtime Environment (8.0_121-b13) (build 1.8.0_121-b13)
# Java VM: Java HotSpot(TM) 64-Bit Server VM (25.121-b13 mixed mode linux-amd64 compressed oops)
Heap:
 PSYoungGen      total 237056K, used 13910K [0x00000000eab00000, 0x00000000fa980000, 0x0000000100000000)
  eden space 215552K, 0% used [0x00000000eab00000,0x00000000eab00000,0x00000000f7d80000)
  from space 21504K, 64% used [0x00000000f7d80000,0x00000000f8b15a58,0x00000000f9280000)
  to   space 21504K, 0% used [0x00000000f9280000,0x00000000f9280000,0x00000000fa780000)
 ParOldGen       total 349696K, used 9216K [0x00000000c0000000, 0x00000000d5580000, 0x00000000eab00000)
  object space 349696K, 2% used [0x00000000c0000000,0x00000000c0900328,0x00000000d5580000)
 Metaspace       used 43704K, capacity 43974K, committed 44120K, reserved 1085440K
  class space    used 8191K, capacity 8254K, committed 8320K, reserved 1048576K
GC Heap History (10 events):
Event: 8.808 GC heap after
Heap after GC invocations=2 (full 0):
 PSYoungGen      total 153088K, used 5485K [0x00000000eab00000, 0x00000000fd600000, 0x0000000100000000)
  eden space 131584K, 0% used [0x00000000eab00000,0x00000000eab00000,0x00000000f2b80000)
  from space 21504K, 25% used [0x00000000f4080000,0x00000000f45db608,0x00000000f5580000)
  to   space 21504K, 0% used [0x00000000f2b80000,0x00000000f2b80000,0x00000000f4080000)
 ParOldGen       total 349696K, used 104K [0x00000000c0000000, 0x00000000d5580000, 0x00000000eab00000)
  object space 349696K, 0% used [0x00000000c0000000,0x00000000c001a010,0x00000000d5580000)
 Metaspace       used 20998K, capacity 21160K, committed 21248K, reserved 1067008K
  class space    used 3200K, capacity 3294K, committed 3328K, reserved 1048576K
}
Event: 8.809 GC heap before
{Heap before GC invocations=3 (full 1):
 PSYoungGen      total 153088K, used 5485K [0x00000000eab00000, 0x00000000fd600000, 0x0000000100000000)
  eden space 131584K, 0% used [0x00000000eab00000,0x00000000eab00000,0x00000000f2b80000)
  from space 21504K, 25% used [0x00000000f4080000,0x00000000f45db608,0x00000000f5580000)
  to   space 21504K, 0% used [0x00000000f2b80000,0x00000000f2b80000,0x00000000f4080000)
 ParOldGen       total 349696K, used 104K [0x00000000c0000000, 0x00000000d5580000, 0x00000000eab00000)
  object space 349696K, 0% used [0x00000000c0000000,0x00000000c001a010,0x00000000d5580000)
 Metaspace       used 20998K, capacity 21160K, committed 21248K, reserved 1067008K
  class space    used 3200K, capacity 3294K, committed 3328K, reserved 1048576K
Event: 8.886 GC heap after
Heap after GC invocations=3 (full 1):
 PSYoungGen      total 153088K, used 0K [0x00000000eab00000, 0x00000000fd600000, 0x0000000100000000)
  eden space 131584K, 0% used [0x00000000eab00000,0x00000000eab00000,0x00000000f2b80000)
  from space 21504K, 0% used [0x00000000f4080000,0x00000000f4080000,0x00000000f5580000)
  to   space 21504K, 0% used [0x00000000f2b80000,0x00000000f2b80000,0x00000000f4080000)
 ParOldGen       total 349696K, used 5280K [0x00000000c0000000, 0x00000000d5580000, 0x00000000eab00000)
  object space 349696K, 1% used [0x00000000c0000000,0x00000000c0528068,0x00000000d5580000)
 Metaspace       used 20998K, capacity 21160K, committed 21248K, reserved 1067008K
  class space    used 3200K, capacity 3294K, committed 3328K, reserved 1048576K
}
Event: 16.903 GC heap before
{Heap before GC invocations=4 (full 1):
 PSYoungGen      total 153088K, used 131584K [0x00000000eab00000, 0x00000000fd600000, 0x0000000100000000)
  eden space 131584K, 100% used [0x00000000eab00000,0x00000000f2b80000,0x00000000f2b80000)
  from space 21504K, 0% used [0x00000000f4080000,0x00000000f4080000,0x00000000f5580000)
  to   space 21504K, 0% used [0x00000000f2b80000,0x00000000f2b80000,0x00000000f4080000)
 ParOldGen       total 349696K, used 5280K [0x00000000c0000000, 0x00000000d5580000, 0x00000000eab00000)
  object space 349696K, 1% used [0x00000000c0000000,0x00000000c0528068,0x00000000d5580000)
 Metaspace       used 34040K, capacity 34182K, committed 34432K, reserved 1077248K
  class space    used 6123K, capacity 6182K, committed 6272K, reserved 1048576K
Event: 16.993 GC heap after
Heap after GC invocations=4 (full 1):
 PSYoungGen      total 153088K, used 13312K [0x00000000eab00000, 0x00000000fa780000, 0x0000000100000000)
  eden space 131584K, 0% used [0x00000000eab00000,0x00000000eab00000,0x00000000f2b80000)
  from space 21504K, 61% used [0x00000000f2b80000,0x00000000f3880040,0x00000000f4080000)
  to   space 21504K, 0% used [0x00000000f9280000,0x00000000f9280000,0x00000000fa780000)
 ParOldGen       total 349696K, used 5280K [0x00000000c0000000, 0x00000000d5580000, 0x00000000eab00000)
  object space 349696K, 1% used [0x00000000c0000000,0x00000000c0528068,0x00000000d5580000)
 Metaspace       used 34040K, capacity 34182K, committed 34432K, reserved 1077248K
  class space    used 6123K, capacity 6182K, committed 6272K, reserved 1048576K
}
Event: 18.002 GC heap before
{Heap before GC invocations=5 (full 1):
 PSYoungGen      total 153088K, used 33275K [0x00000000eab00000, 0x00000000fa780000, 0x0000000100000000)
  eden space 131584K, 15% used [0x00000000eab00000,0x00000000ebe7ebc0,0x00000000f2b80000)
  from space 21504K, 61% used [0x00000000f2b80000,0x00000000f3880040,0x00000000f4080000)
  to   space 21504K, 0% used [0x00000000f9280000,0x00000000f9280000,0x00000000fa780000)
 ParOldGen       total 349696K, used 5280K [0x00000000c0000000, 0x00000000d5580000, 0x00000000eab00000)
  object space 349696K, 1% used [0x00000000c0000000,0x00000000c0528068,0x00000000d5580000)
 Metaspace       used 35111K, capacity 35302K, committed 35416K, reserved 1079296K
  class space    used 6385K, capacity 6470K, committed 6528K, reserved 1048576K
Event: 18.022 GC heap after
Heap after GC invocations=5 (full 1):
 PSYoungGen      total 237056K, used 6312K [0x00000000eab00000, 0x00000000fa980000, 0x0000000100000000)
  eden space 215552K, 0% used [0x00000000eab00000,0x00000000eab00000,0x00000000f7d80000)
  from space 21504K, 29% used [0x00000000f9280000,0x00000000f98aa360,0x00000000fa780000)
  to   space 21504K, 0% used [0x00000000f7d80000,0x00000000f7d80000,0x00000000f9280000)
 ParOldGen       total 349696K, used 5280K [0x00000000c0000000, 0x00000000d5580000, 0x00000000eab00000)
  object space 349696K, 1% used [0x00000000c0000000,0x00000000c0528068,0x00000000d5580000)
 Metaspace       used 35111K, capacity 35302K, committed 35416K, reserved 1079296K
  class space    used 6385K, capacity 6470K, committed 6528K, reserved 1048576K
}
Event: 18.022 GC heap before
{Heap before GC invocations=6 (full 2):
 PSYoungGen      total 237056K, used 6312K [0x00000000eab00000, 0x00000000fa980000, 0x0000000100000000)
  eden space 215552K, 0% used [0x00000000eab00000,0x00000000eab00000,0x00000000f7d80000)
  from space 21504K, 29% used [0x00000000f9280000,0x00000000f98aa360,0x00000000fa780000)
  to   space 21504K, 0% used [0x00000000f7d80000,0x00000000f7d80000,0x00000000f9280000)
 ParOldGen       total 349696K, used 5280K [0x00000000c0000000, 0x00000000d5580000, 0x00000000eab00000)
  object space 349696K, 1% used [0x00000000c0000000,0x00000000c0528068,0x00000000d5580000)
 Metaspace       used 35111K, capacity 35302K, committed 35416K, reserved 1079296K
  class space    used 6385K, capacity 6470K, committed 6528K, reserved 1048576K
Event: 18.208 GC heap after
Heap after GC invocations=6 (full 2):
 PSYoungGen      total 237056K, used 0K [0x00000000eab00000, 0x00000000fa980000, 0x0000000100000000)
  eden space 215552K, 0% used [0x00000000eab00000,0x00000000eab00000,0x00000000f7d80000)
  from space 21504K, 0% used [0x00000000f9280000,0x00000000f9280000,0x00000000fa780000)
  to   space 21504K, 0% used [0x00000000f7d80000,0x00000000f7d80000,0x00000000f9280000)
 ParOldGen       total 349696K, used 9208K [0x00000000c0000000, 0x00000000d5580000, 0x00000000eab00000)
  object space 349696K, 2% used [0x00000000c0000000,0x00000000c08fe328,0x00000000d5580000)
 Metaspace       used 35108K, capacity 35296K, committed 35416K, reserved 1079296K
  class space    used 6384K, capacity 6468K, committed 6528K, reserved 1048576K
}
Event: 117.934 GC heap before
{Heap before GC invocations=7 (full 2):
 PSYoungGen      total 237056K, used 215552K [0x00000000eab00000, 0x00000000fa980000, 0x0000000100000000)
  eden space 215552K, 100% used [0x00000000eab00000,0x00000000f7d80000,0x00000000f7d80000)
  from space 21504K, 0% used [0x00000000f9280000,0x00000000f9280000,0x00000000fa780000)
  to   space 21504K, 0% used [0x00000000f7d80000,0x00000000f7d80000,0x00000000f9280000)
 ParOldGen       total 349696K, used 9208K [0x00000000c0000000, 0x00000000d5580000, 0x00000000eab00000)
  object space 349696K, 2% used [0x00000000c0000000,0x00000000c08fe328,0x00000000d5580000)
 Metaspace       used 43704K, capacity 43974K, committed 44120K, reserved 1085440K
  class space    used 8191K, capacity 8254K, committed 8320K, reserved 1048576K

