# JRE version: Java(TM) SE Runtime Environment (8.0_121-b13) (build 1.8.0_121-b13)
# Java VM: Java HotSpot(TM) 64-Bit Server VM (25.121-b13 mixed mode linux-amd64 compressed oops)
Heap:
 PSYoungGen      total 203264K, used 0K [0x00000000eab00000, 0x0000000100000000, 0x0000000100000000)
  eden space 130048K, 0% used [0x00000000eab00000,0x00000000eab00000,0x00000000f2a00000)
  from space 73216K, 0% used [0x00000000fb880000,0x00000000fb880000,0x0000000100000000)
  to   space 109568K, 0% used [0x00000000f2a00000,0x00000000f2a00000,0x00000000f9500000)
 ParOldGen       total 424448K, used 92115K [0x00000000c0000000, 0x00000000d9e80000, 0x00000000eab00000)
  object space 424448K, 21% used [0x00000000c0000000,0x00000000c59f4cf8,0x00000000d9e80000)
 Metaspace       used 96240K, capacity 96876K, committed 98348K, reserved 1130496K
  class space    used 17322K, capacity 17529K, committed 17792K, reserved 1048576K
GC Heap History (10 events):
Event: 35.802 GC heap after
Heap after GC invocations=11 (full 3):
 PSYoungGen      total 300032K, used 0K [0x00000000eab00000, 0x0000000100000000, 0x0000000100000000)
  eden space 251904K, 0% used [0x00000000eab00000,0x00000000eab00000,0x00000000fa100000)
  from space 48128K, 0% used [0x00000000fd080000,0x00000000fd080000,0x00000000fff80000)
  to   space 48640K, 0% used [0x00000000fa100000,0x00000000fa100000,0x00000000fd080000)
 ParOldGen       total 424448K, used 16893K [0x00000000c0000000, 0x00000000d9e80000, 0x00000000eab00000)
  object space 424448K, 3% used [0x00000000c0000000,0x00000000c107f548,0x00000000d9e80000)
 Metaspace       used 58188K, capacity 58496K, committed 59008K, reserved 1097728K
  class space    used 10291K, capacity 10435K, committed 10624K, reserved 1048576K
}
Event: 42.348 GC heap before
{Heap before GC invocations=12 (full 3):
 PSYoungGen      total 300032K, used 251904K [0x00000000eab00000, 0x0000000100000000, 0x0000000100000000)
  eden space 251904K, 100% used [0x00000000eab00000,0x00000000fa100000,0x00000000fa100000)
  from space 48128K, 0% used [0x00000000fd080000,0x00000000fd080000,0x00000000fff80000)
  to   space 48640K, 0% used [0x00000000fa100000,0x00000000fa100000,0x00000000fd080000)
 ParOldGen       total 424448K, used 16893K [0x00000000c0000000, 0x00000000d9e80000, 0x00000000eab00000)
  object space 424448K, 3% used [0x00000000c0000000,0x00000000c107f548,0x00000000d9e80000)
 Metaspace       used 64434K, capacity 64818K, committed 65024K, reserved 1103872K
  class space    used 11236K, capacity 11397K, committed 11520K, reserved 1048576K
Event: 42.451 GC heap after
Heap after GC invocations=12 (full 3):
 PSYoungGen      total 300544K, used 48637K [0x00000000eab00000, 0x0000000100000000, 0x0000000100000000)
  eden space 251904K, 0% used [0x00000000eab00000,0x00000000eab00000,0x00000000fa100000)
  from space 48640K, 99% used [0x00000000fa100000,0x00000000fd07f5a0,0x00000000fd080000)
  to   space 48640K, 0% used [0x00000000fd080000,0x00000000fd080000,0x0000000100000000)
 ParOldGen       total 424448K, used 35334K [0x00000000c0000000, 0x00000000d9e80000, 0x00000000eab00000)
  object space 424448K, 8% used [0x00000000c0000000,0x00000000c22819f8,0x00000000d9e80000)
 Metaspace       used 64434K, capacity 64818K, committed 65024K, reserved 1103872K
  class space    used 11236K, capacity 11397K, committed 11520K, reserved 1048576K
}
Event: 47.877 GC heap before
{Heap before GC invocations=13 (full 3):
 PSYoungGen      total 300544K, used 300541K [0x00000000eab00000, 0x0000000100000000, 0x0000000100000000)
  eden space 251904K, 100% used [0x00000000eab00000,0x00000000fa100000,0x00000000fa100000)
  from space 48640K, 99% used [0x00000000fa100000,0x00000000fd07f5a0,0x00000000fd080000)
  to   space 48640K, 0% used [0x00000000fd080000,0x00000000fd080000,0x0000000100000000)
 ParOldGen       total 424448K, used 35334K [0x00000000c0000000, 0x00000000d9e80000, 0x00000000eab00000)
  object space 424448K, 8% used [0x00000000c0000000,0x00000000c22819f8,0x00000000d9e80000)
 Metaspace       used 79455K, capacity 79970K, committed 80256K, reserved 1116160K
  class space    used 13970K, capacity 14101K, committed 14208K, reserved 1048576K
Event: 47.969 GC heap after
Heap after GC invocations=13 (full 3):
 PSYoungGen      total 251392K, used 48619K [0x00000000eab00000, 0x0000000100000000, 0x0000000100000000)
  eden space 202752K, 0% used [0x00000000eab00000,0x00000000eab00000,0x00000000f7100000)
  from space 48640K, 99% used [0x00000000fd080000,0x00000000ffffad30,0x0000000100000000)
  to   space 73216K, 0% used [0x00000000f7100000,0x00000000f7100000,0x00000000fb880000)
 ParOldGen       total 424448K, used 55192K [0x00000000c0000000, 0x00000000d9e80000, 0x00000000eab00000)
  object space 424448K, 13% used [0x00000000c0000000,0x00000000c35e61a8,0x00000000d9e80000)
 Metaspace       used 79455K, capacity 79970K, committed 80256K, reserved 1116160K
  class space    used 13970K, capacity 14101K, committed 14208K, reserved 1048576K
}
Event: 53.619 GC heap before
{Heap before GC invocations=14 (full 3):
 PSYoungGen      total 251392K, used 251371K [0x00000000eab00000, 0x0000000100000000, 0x0000000100000000)
  eden space 202752K, 100% used [0x00000000eab00000,0x00000000f7100000,0x00000000f7100000)
  from space 48640K, 99% used [0x00000000fd080000,0x00000000ffffad30,0x0000000100000000)
  to   space 73216K, 0% used [0x00000000f7100000,0x00000000f7100000,0x00000000fb880000)
 ParOldGen       total 424448K, used 55192K [0x00000000c0000000, 0x00000000d9e80000, 0x00000000eab00000)
  object space 424448K, 13% used [0x00000000c0000000,0x00000000c35e61a8,0x00000000d9e80000)
 Metaspace       used 85680K, capacity 86294K, committed 86528K, reserved 1120256K
  class space    used 15364K, capacity 15543K, committed 15616K, reserved 1048576K
Event: 53.753 GC heap after
Heap after GC invocations=14 (full 3):
 PSYoungGen      total 275968K, used 73185K [0x00000000eab00000, 0x0000000100000000, 0x0000000100000000)
  eden space 202752K, 0% used [0x00000000eab00000,0x00000000eab00000,0x00000000f7100000)
  from space 73216K, 99% used [0x00000000f7100000,0x00000000fb878790,0x00000000fb880000)
  to   space 73216K, 0% used [0x00000000fb880000,0x00000000fb880000,0x0000000100000000)
 ParOldGen       total 424448K, used 68339K [0x00000000c0000000, 0x00000000d9e80000, 0x00000000eab00000)
  object space 424448K, 16% used [0x00000000c0000000,0x00000000c42bcd38,0x00000000d9e80000)
 Metaspace       used 85680K, capacity 86294K, committed 86528K, reserved 1120256K
  class space    used 15364K, capacity 15543K, committed 15616K, reserved 1048576K
}
Event: 56.308 GC heap before
{Heap before GC invocations=15 (full 3):
 PSYoungGen      total 275968K, used 173108K [0x00000000eab00000, 0x0000000100000000, 0x0000000100000000)
  eden space 202752K, 49% used [0x00000000eab00000,0x00000000f0c94a00,0x00000000f7100000)
  from space 73216K, 99% used [0x00000000f7100000,0x00000000fb878790,0x00000000fb880000)
  to   space 73216K, 0% used [0x00000000fb880000,0x00000000fb880000,0x0000000100000000)
 ParOldGen       total 424448K, used 68339K [0x00000000c0000000, 0x00000000d9e80000, 0x00000000eab00000)
  object space 424448K, 16% used [0x00000000c0000000,0x00000000c42bcd38,0x00000000d9e80000)
 Metaspace       used 97504K, capacity 98152K, committed 98348K, reserved 1130496K
  class space    used 17486K, capacity 17701K, committed 17792K, reserved 1048576K
Event: 56.487 GC heap after
Heap after GC invocations=15 (full 3):
 PSYoungGen      total 203264K, used 73188K [0x00000000eab00000, 0x0000000100000000, 0x0000000100000000)
  eden space 130048K, 0% used [0x00000000eab00000,0x00000000eab00000,0x00000000f2a00000)
  from space 73216K, 99% used [0x00000000fb880000,0x00000000ffff9260,0x0000000100000000)
  to   space 109568K, 0% used [0x00000000f2a00000,0x00000000f2a00000,0x00000000f9500000)
 ParOldGen       total 424448K, used 105193K [0x00000000c0000000, 0x00000000d9e80000, 0x00000000eab00000)
  object space 424448K, 24% used [0x00000000c0000000,0x00000000c66ba6a0,0x00000000d9e80000)
 Metaspace       used 97504K, capacity 98152K, committed 98348K, reserved 1130496K
  class space    used 17486K, capacity 17701K, committed 17792K, reserved 1048576K
}
Event: 56.487 GC heap before
{Heap before GC invocations=16 (full 4):
 PSYoungGen      total 203264K, used 73188K [0x00000000eab00000, 0x0000000100000000, 0x0000000100000000)
  eden space 130048K, 0% used [0x00000000eab00000,0x00000000eab00000,0x00000000f2a00000)
  from space 73216K, 99% used [0x00000000fb880000,0x00000000ffff9260,0x0000000100000000)
  to   space 109568K, 0% used [0x00000000f2a00000,0x00000000f2a00000,0x00000000f9500000)
 ParOldGen       total 424448K, used 105193K [0x00000000c0000000, 0x00000000d9e80000, 0x00000000eab00000)
  object space 424448K, 24% used [0x00000000c0000000,0x00000000c66ba6a0,0x00000000d9e80000)
 Metaspace       used 97504K, capacity 98152K, committed 98348K, reserved 1130496K
  class space    used 17486K, capacity 17701K, committed 17792K, reserved 1048576K

