# JRE version: Java(TM) SE Runtime Environment (8.0_121-b13) (build 1.8.0_121-b13)
# Java VM: Java HotSpot(TM) 64-Bit Server VM (25.121-b13 mixed mode linux-amd64 compressed oops)
Heap:
 PSYoungGen      total 238592K, used 0K [0x00000000eab00000, 0x0000000100000000, 0x0000000100000000)
  eden space 214016K, 0% used [0x00000000eab00000,0x00000000eab00000,0x00000000f7c00000)
  from space 24576K, 0% used [0x00000000fe800000,0x00000000fe800000,0x0000000100000000)
  to   space 67584K, 0% used [0x00000000f7c00000,0x00000000f7c00000,0x00000000fbe00000)
 ParOldGen       total 361472K, used 101116K [0x00000000c0000000, 0x00000000d6100000, 0x00000000eab00000)
  object space 361472K, 27% used [0x00000000c0000000,0x00000000c62bf3b0,0x00000000d6100000)
 Metaspace       used 97546K, capacity 98189K, committed 98324K, reserved 1130496K
  class space    used 17045K, capacity 17210K, committed 17212K, reserved 1048576K
GC Heap History (10 events):
Event: 17.083 GC heap after
Heap after GC invocations=7 (full 2):
 PSYoungGen      total 235008K, used 14066K [0x00000000eab00000, 0x00000000ffa00000, 0x0000000100000000)
  eden space 213504K, 0% used [0x00000000eab00000,0x00000000eab00000,0x00000000f7b80000)
  from space 21504K, 65% used [0x00000000f7b80000,0x00000000f893c9b8,0x00000000f9080000)
  to   space 18432K, 0% used [0x00000000fe800000,0x00000000fe800000,0x00000000ffa00000)
 ParOldGen       total 349696K, used 9351K [0x00000000c0000000, 0x00000000d5580000, 0x00000000eab00000)
  object space 349696K, 2% used [0x00000000c0000000,0x00000000c0921cf0,0x00000000d5580000)
 Metaspace       used 43851K, capacity 44102K, committed 44120K, reserved 1085440K
  class space    used 8219K, capacity 8318K, committed 8320K, reserved 1048576K
}
Event: 26.961 GC heap before
{Heap before GC invocations=8 (full 2):
 PSYoungGen      total 235008K, used 177541K [0x00000000eab00000, 0x00000000ffa00000, 0x0000000100000000)
  eden space 213504K, 76% used [0x00000000eab00000,0x00000000f4aa4bc8,0x00000000f7b80000)
  from space 21504K, 65% used [0x00000000f7b80000,0x00000000f893c9b8,0x00000000f9080000)
  to   space 18432K, 0% used [0x00000000fe800000,0x00000000fe800000,0x00000000ffa00000)
 ParOldGen       total 349696K, used 9351K [0x00000000c0000000, 0x00000000d5580000, 0x00000000eab00000)
  object space 349696K, 2% used [0x00000000c0000000,0x00000000c0921cf0,0x00000000d5580000)
 Metaspace       used 58554K, capacity 58876K, committed 59028K, reserved 1097728K
  class space    used 10803K, capacity 10895K, committed 10940K, reserved 1048576K
Event: 27.001 GC heap after
Heap after GC invocations=8 (full 2):
 PSYoungGen      total 318464K, used 18409K [0x00000000eab00000, 0x0000000100000000, 0x0000000100000000)
  eden space 300032K, 0% used [0x00000000eab00000,0x00000000eab00000,0x00000000fd000000)
  from space 18432K, 99% used [0x00000000fe800000,0x00000000ff9fa428,0x00000000ffa00000)
  to   space 24576K, 0% used [0x00000000fd000000,0x00000000fd000000,0x00000000fe800000)
 ParOldGen       total 349696K, used 14403K [0x00000000c0000000, 0x00000000d5580000, 0x00000000eab00000)
  object space 349696K, 4% used [0x00000000c0000000,0x00000000c0e10f88,0x00000000d5580000)
 Metaspace       used 58554K, capacity 58876K, committed 59028K, reserved 1097728K
  class space    used 10803K, capacity 10895K, committed 10940K, reserved 1048576K
}
Event: 27.001 GC heap before
{Heap before GC invocations=9 (full 3):
 PSYoungGen      total 318464K, used 18409K [0x00000000eab00000, 0x0000000100000000, 0x0000000100000000)
  eden space 300032K, 0% used [0x00000000eab00000,0x00000000eab00000,0x00000000fd000000)
  from space 18432K, 99% used [0x00000000fe800000,0x00000000ff9fa428,0x00000000ffa00000)
  to   space 24576K, 0% used [0x00000000fd000000,0x00000000fd000000,0x00000000fe800000)
 ParOldGen       total 349696K, used 14403K [0x00000000c0000000, 0x00000000d5580000, 0x00000000eab00000)
  object space 349696K, 4% used [0x00000000c0000000,0x00000000c0e10f88,0x00000000d5580000)
 Metaspace       used 58554K, capacity 58876K, committed 59028K, reserved 1097728K
  class space    used 10803K, capacity 10895K, committed 10940K, reserved 1048576K
Event: 27.201 GC heap after
Heap after GC invocations=9 (full 3):
 PSYoungGen      total 318464K, used 0K [0x00000000eab00000, 0x0000000100000000, 0x0000000100000000)
  eden space 300032K, 0% used [0x00000000eab00000,0x00000000eab00000,0x00000000fd000000)
  from space 18432K, 0% used [0x00000000fe800000,0x00000000fe800000,0x00000000ffa00000)
  to   space 24576K, 0% used [0x00000000fd000000,0x00000000fd000000,0x00000000fe800000)
 ParOldGen       total 361472K, used 28333K [0x00000000c0000000, 0x00000000d6100000, 0x00000000eab00000)
  object space 361472K, 7% used [0x00000000c0000000,0x00000000c1bab730,0x00000000d6100000)
 Metaspace       used 58533K, capacity 58848K, committed 59028K, reserved 1097728K
  class space    used 10797K, capacity 10887K, committed 10940K, reserved 1048576K
}
Event: 36.519 GC heap before
{Heap before GC invocations=10 (full 3):
 PSYoungGen      total 318464K, used 300032K [0x00000000eab00000, 0x0000000100000000, 0x0000000100000000)
  eden space 300032K, 100% used [0x00000000eab00000,0x00000000fd000000,0x00000000fd000000)
  from space 18432K, 0% used [0x00000000fe800000,0x00000000fe800000,0x00000000ffa00000)
  to   space 24576K, 0% used [0x00000000fd000000,0x00000000fd000000,0x00000000fe800000)
 ParOldGen       total 361472K, used 28333K [0x00000000c0000000, 0x00000000d6100000, 0x00000000eab00000)
  object space 361472K, 7% used [0x00000000c0000000,0x00000000c1bab730,0x00000000d6100000)
 Metaspace       used 88869K, capacity 89415K, committed 89620K, reserved 1122304K
  class space    used 15772K, capacity 15929K, committed 15932K, reserved 1048576K
Event: 36.674 GC heap after
Heap after GC invocations=10 (full 3):
 PSYoungGen      total 324608K, used 24556K [0x00000000eab00000, 0x0000000100000000, 0x0000000100000000)
  eden space 300032K, 0% used [0x00000000eab00000,0x00000000eab00000,0x00000000fd000000)
  from space 24576K, 99% used [0x00000000fd000000,0x00000000fe7fb130,0x00000000fe800000)
  to   space 24576K, 0% used [0x00000000fe800000,0x00000000fe800000,0x0000000100000000)
 ParOldGen       total 361472K, used 91488K [0x00000000c0000000, 0x00000000d6100000, 0x00000000eab00000)
  object space 361472K, 25% used [0x00000000c0000000,0x00000000c5958088,0x00000000d6100000)
 Metaspace       used 88869K, capacity 89415K, committed 89620K, reserved 1122304K
  class space    used 15772K, capacity 15929K, committed 15932K, reserved 1048576K
}
Event: 48.091 GC heap before
{Heap before GC invocations=11 (full 3):
 PSYoungGen      total 324608K, used 137932K [0x00000000eab00000, 0x0000000100000000, 0x0000000100000000)
  eden space 300032K, 37% used [0x00000000eab00000,0x00000000f19b7f48,0x00000000fd000000)
  from space 24576K, 99% used [0x00000000fd000000,0x00000000fe7fb130,0x00000000fe800000)
  to   space 24576K, 0% used [0x00000000fe800000,0x00000000fe800000,0x0000000100000000)
 ParOldGen       total 361472K, used 91488K [0x00000000c0000000, 0x00000000d6100000, 0x00000000eab00000)
  object space 361472K, 25% used [0x00000000c0000000,0x00000000c5958088,0x00000000d6100000)
 Metaspace       used 97546K, capacity 98189K, committed 98324K, reserved 1130496K
  class space    used 17045K, capacity 17210K, committed 17212K, reserved 1048576K
Event: 48.200 GC heap after
Heap after GC invocations=11 (full 3):
 PSYoungGen      total 238592K, used 24568K [0x00000000eab00000, 0x0000000100000000, 0x0000000100000000)
  eden space 214016K, 0% used [0x00000000eab00000,0x00000000eab00000,0x00000000f7c00000)
  from space 24576K, 99% used [0x00000000fe800000,0x00000000ffffe120,0x0000000100000000)
  to   space 67584K, 0% used [0x00000000f7c00000,0x00000000f7c00000,0x00000000fbe00000)
 ParOldGen       total 361472K, used 116436K [0x00000000c0000000, 0x00000000d6100000, 0x00000000eab00000)
  object space 361472K, 32% used [0x00000000c0000000,0x00000000c71b51f0,0x00000000d6100000)
 Metaspace       used 97546K, capacity 98189K, committed 98324K, reserved 1130496K
  class space    used 17045K, capacity 17210K, committed 17212K, reserved 1048576K
}
Event: 48.200 GC heap before
{Heap before GC invocations=12 (full 4):
 PSYoungGen      total 238592K, used 24568K [0x00000000eab00000, 0x0000000100000000, 0x0000000100000000)
  eden space 214016K, 0% used [0x00000000eab00000,0x00000000eab00000,0x00000000f7c00000)
  from space 24576K, 99% used [0x00000000fe800000,0x00000000ffffe120,0x0000000100000000)
  to   space 67584K, 0% used [0x00000000f7c00000,0x00000000f7c00000,0x00000000fbe00000)
 ParOldGen       total 361472K, used 116436K [0x00000000c0000000, 0x00000000d6100000, 0x00000000eab00000)
  object space 361472K, 32% used [0x00000000c0000000,0x00000000c71b51f0,0x00000000d6100000)
 Metaspace       used 97546K, capacity 98189K, committed 98324K, reserved 1130496K
  class space    used 17045K, capacity 17210K, committed 17212K, reserved 1048576K

